2024-11-12 16:37:46 - my_app - [34mDEBUG[0m - [34mDebug message[0m
2024-11-12 16:37:46 - my_app - [32mINFO[0m - [32mInfo message[0m
2024-11-12 16:37:46 - my_app - [33mWARNING[0m - [33mWarning message[0m
2024-11-12 16:37:46 - my_app - [31mERROR[0m - [31mError message[0m
2024-11-12 16:37:46 - my_app - [31m[1mCRITICAL[0m - [31m[1mCritical message[0m
2024-11-12 16:37:46 - my_app - [32mINFO[0m - [32mБот для добавления фотосессий и статей запущен[0m
2024-11-12 16:44:00 - my_app - [34mDEBUG[0m - [34mDebug message[0m
2024-11-12 16:44:00 - my_app - [32mINFO[0m - [32mInfo message[0m
2024-11-12 16:44:00 - my_app - [33mWARNING[0m - [33mWarning message[0m
2024-11-12 16:44:00 - my_app - [31mERROR[0m - [31mError message[0m
2024-11-12 16:44:00 - my_app - [31m[1mCRITICAL[0m - [31m[1mCritical message[0m
2024-11-12 16:44:00 - my_app - [32mINFO[0m - [32mБот для добавления фотосессий и статей запущен[0m
2024-11-12 16:44:26 - my_app - [34mDEBUG[0m - [34mDebug message[0m
2024-11-12 16:44:26 - my_app - [32mINFO[0m - [32mInfo message[0m
2024-11-12 16:44:26 - my_app - [33mWARNING[0m - [33mWarning message[0m
2024-11-12 16:44:26 - my_app - [31mERROR[0m - [31mError message[0m
2024-11-12 16:44:26 - my_app - [31m[1mCRITICAL[0m - [31m[1mCritical message[0m
2024-11-12 16:44:26 - my_app - [32mINFO[0m - [32mБот для добавления фотосессий и статей запущен[0m
2024-11-12 17:45:42 - my_app - [34mDEBUG[0m - [34mDebug message[0m
2024-11-12 17:45:42 - my_app - [32mINFO[0m - [32mInfo message[0m
2024-11-12 17:45:42 - my_app - [33mWARNING[0m - [33mWarning message[0m
2024-11-12 17:45:42 - my_app - [31mERROR[0m - [31mError message[0m
2024-11-12 17:45:42 - my_app - [31m[1mCRITICAL[0m - [31m[1mCritical message[0m
2024-11-12 17:45:42 - my_app - [32mINFO[0m - [32mБот для добавления фотосессий и статей запущен[0m
2024-11-12 17:56:35 - my_app - [34mDEBUG[0m - [34mDebug message[0m
2024-11-12 17:56:35 - my_app - [32mINFO[0m - [32mInfo message[0m
2024-11-12 17:56:35 - my_app - [33mWARNING[0m - [33mWarning message[0m
2024-11-12 17:56:35 - my_app - [31mERROR[0m - [31mError message[0m
2024-11-12 17:56:35 - my_app - [31m[1mCRITICAL[0m - [31m[1mCritical message[0m
2024-11-12 17:56:35 - my_app - [32mINFO[0m - [32mЗапуск и инициализация бота.[0m
2024-11-12 17:56:35 - my_app - [32mINFO[0m - [32mДобавляем обработчики команд.[0m
2024-11-12 17:56:35 - my_app - [32mINFO[0m - [32mБот для добавления фотосессий и статей запущен и готов к работе.[0m
2024-11-12 17:56:41 - my_app - [32mINFO[0m - [32mПользователь открыл меню.[0m
2024-11-12 17:56:49 - my_app - [32mINFO[0m - [32mПользователь открыл меню.[0m
2024-11-12 17:56:59 - my_app - [32mINFO[0m - [32mПроцесс входа пользователя.[0m
2024-11-12 17:59:20 - my_app - [34mDEBUG[0m - [34mDebug message[0m
2024-11-12 17:59:20 - my_app - [32mINFO[0m - [32mInfo message[0m
2024-11-12 17:59:20 - my_app - [33mWARNING[0m - [33mWarning message[0m
2024-11-12 17:59:20 - my_app - [31mERROR[0m - [31mError message[0m
2024-11-12 17:59:20 - my_app - [31m[1mCRITICAL[0m - [31m[1mCritical message[0m
2024-11-12 17:59:20 - my_app - [32mINFO[0m - [32mЗапуск и инициализация бота.[0m
2024-11-12 17:59:20 - my_app - [32mINFO[0m - [32mДобавляем обработчики команд.[0m
2024-11-12 17:59:20 - my_app - [32mINFO[0m - [32mБот для добавления фотосессий и статей запущен и готов к работе.[0m
2024-11-12 17:59:20 - my_app - [31mERROR[0m - [31mОшибка при запуске бота: Cannot close a running event loop[0m
2024-11-12 17:59:20 - my_app - [32mINFO[0m - [32mСкрипт завершен.[0m
2024-11-12 18:01:14 - my_app - [34mDEBUG[0m - [34mDebug message[0m
2024-11-12 18:01:14 - my_app - [32mINFO[0m - [32mInfo message[0m
2024-11-12 18:01:14 - my_app - [33mWARNING[0m - [33mWarning message[0m
2024-11-12 18:01:14 - my_app - [31mERROR[0m - [31mError message[0m
2024-11-12 18:01:14 - my_app - [31m[1mCRITICAL[0m - [31m[1mCritical message[0m
2024-11-12 18:01:14 - my_app - [32mINFO[0m - [32mЗапуск и инициализация бота.[0m
2024-11-12 18:01:14 - my_app - [32mINFO[0m - [32mДобавляем обработчики команд.[0m
2024-11-12 18:01:14 - my_app - [32mINFO[0m - [32mБот для добавления фотосессий и статей запущен и готов к работе.[0m
2024-11-12 18:01:14 - my_app - [31mERROR[0m - [31mОшибка при запуске бота: Cannot close a running event loop[0m
2024-11-12 18:01:14 - my_app - [32mINFO[0m - [32mСкрипт завершен.[0m
2024-11-12 18:06:17 - my_app - [34mDEBUG[0m - [34mDebug message[0m
2024-11-12 18:06:17 - my_app - [32mINFO[0m - [32mInfo message[0m
2024-11-12 18:06:17 - my_app - [33mWARNING[0m - [33mWarning message[0m
2024-11-12 18:06:17 - my_app - [31mERROR[0m - [31mError message[0m
2024-11-12 18:06:17 - my_app - [31m[1mCRITICAL[0m - [31m[1mCritical message[0m
2024-11-12 18:06:17 - my_app - [32mINFO[0m - [32mЗапуск и инициализация бота.[0m
2024-11-12 18:06:17 - my_app - [32mINFO[0m - [32mДобавляем обработчики команд.[0m
2024-11-12 18:06:17 - my_app - [32mINFO[0m - [32mБот для добавления фотосессий и статей запущен и готов к работе.[0m
